  stdafx.cpp
  ConcurrentServer.cpp
C:\Users\37525\OneDrive\Рабочий стол\8-10Maxik\ConcurrentServer\ConcurrentServer\ConcurrentServer.cpp(78,3): warning C4996: 'strcpy': This function or variable may be unsafe. Consider using strcpy_s instead. To disable deprecation, use _CRT_SECURE_NO_WARNINGS. See online help for details.
C:\Users\37525\OneDrive\Рабочий стол\8-10Maxik\ConcurrentServer\ConcurrentServer\ConcurrentServer.cpp(85,3): warning C4996: 'strcpy': This function or variable may be unsafe. Consider using strcpy_s instead. To disable deprecation, use _CRT_SECURE_NO_WARNINGS. See online help for details.
C:\Users\37525\OneDrive\Рабочий стол\8-10Maxik\ConcurrentServer\ConcurrentServer\ConcurrentServer.cpp(131,25): warning C4996: 'inet_addr': Use inet_pton() or InetPton() instead or define _WINSOCK_DEPRECATED_NO_WARNINGS to disable deprecated API warnings
C:\Users\37525\OneDrive\Рабочий стол\8-10Maxik\ConcurrentServer\ConcurrentServer\ConcurrentServer.cpp(178,11): warning C4477: "printf": в строке форматирования "%d" требуется аргумент типа "int", но вариативный аргумент "1" имеет тип "unsigned __int64"
C:\Users\37525\OneDrive\Рабочий стол\8-10Maxik\ConcurrentServer\ConcurrentServer\ConcurrentServer.cpp(178,11): message : рекомендуется использовать "%zd" в строке форматирования
C:\Users\37525\OneDrive\Рабочий стол\8-10Maxik\ConcurrentServer\ConcurrentServer\ConcurrentServer.cpp(190,11): warning C4477: "printf": в строке форматирования "%d" требуется аргумент типа "int", но вариативный аргумент "1" имеет тип "unsigned __int64"
C:\Users\37525\OneDrive\Рабочий стол\8-10Maxik\ConcurrentServer\ConcurrentServer\ConcurrentServer.cpp(190,11): message : рекомендуется использовать "%zd" в строке форматирования
C:\Users\37525\OneDrive\Рабочий стол\8-10Maxik\ConcurrentServer\ConcurrentServer\ConcurrentServer.cpp(295,1): warning C4477: "sprintf": в строке форматирования "%d" требуется аргумент типа "int", но вариативный аргумент "4" имеет тип "unsigned __int64"
C:\Users\37525\OneDrive\Рабочий стол\8-10Maxik\ConcurrentServer\ConcurrentServer\ConcurrentServer.cpp(295,1): message : рекомендуется использовать "%zd" в строке форматирования
C:\Users\37525\OneDrive\Рабочий стол\8-10Maxik\ConcurrentServer\ConcurrentServer\ConcurrentServer.cpp(304,61): warning C4267: аргумент: преобразование из "size_t" в "DWORD"; возможна потеря данных
C:\Users\37525\OneDrive\Рабочий стол\8-10Maxik\ConcurrentServer\ConcurrentServer\ConcurrentServer.cpp(257,3): warning C4996: 'sprintf': This function or variable may be unsafe. Consider using sprintf_s instead. To disable deprecation, use _CRT_SECURE_NO_WARNINGS. See online help for details.
C:\Users\37525\OneDrive\Рабочий стол\8-10Maxik\ConcurrentServer\ConcurrentServer\ConcurrentServer.cpp(294,6): warning C4996: 'sprintf': This function or variable may be unsafe. Consider using sprintf_s instead. To disable deprecation, use _CRT_SECURE_NO_WARNINGS. See online help for details.
C:\Users\37525\OneDrive\Рабочий стол\8-10Maxik\ConcurrentServer\ConcurrentServer\ConcurrentServer.cpp(342,32): warning C4267: =: преобразование из "size_t" в "int"; возможна потеря данных
C:\Users\37525\OneDrive\Рабочий стол\8-10Maxik\ConcurrentServer\ConcurrentServer\ConcurrentServer.cpp(362,57): warning C4267: аргумент: преобразование из "size_t" в "int"; возможна потеря данных
C:\Users\37525\OneDrive\Рабочий стол\8-10Maxik\ConcurrentServer\ConcurrentServer\ConcurrentServer.cpp(396,11): warning C4267: аргумент: преобразование из "size_t" в "int"; возможна потеря данных
C:\Users\37525\OneDrive\Рабочий стол\8-10Maxik\ConcurrentServer\ConcurrentServer\ConcurrentServer.cpp(403,11): warning C4267: аргумент: преобразование из "size_t" в "int"; возможна потеря данных
C:\Users\37525\OneDrive\Рабочий стол\8-10Maxik\ConcurrentServer\ConcurrentServer\ConcurrentServer.cpp(393,7): warning C4996: 'strcpy': This function or variable may be unsafe. Consider using strcpy_s instead. To disable deprecation, use _CRT_SECURE_NO_WARNINGS. See online help for details.
C:\Users\37525\OneDrive\Рабочий стол\8-10Maxik\ConcurrentServer\ConcurrentServer\ConcurrentServer.cpp(498,102): warning C4996: 'inet_ntoa': Use inet_ntop() or InetNtop() instead or define _WINSOCK_DEPRECATED_NO_WARNINGS to disable deprecated API warnings
C:\Users\37525\OneDrive\Рабочий стол\8-10Maxik\ConcurrentServer\ConcurrentServer\ConcurrentServer.cpp(522,3): warning C4996: 'strcpy': This function or variable may be unsafe. Consider using strcpy_s instead. To disable deprecation, use _CRT_SECURE_NO_WARNINGS. See online help for details.
C:\Users\37525\OneDrive\Рабочий стол\8-10Maxik\ConcurrentServer\ConcurrentServer\ConcurrentServer.cpp(526,3): warning C4996: 'strcpy': This function or variable may be unsafe. Consider using strcpy_s instead. To disable deprecation, use _CRT_SECURE_NO_WARNINGS. See online help for details.
C:\Users\37525\OneDrive\Рабочий стол\8-10Maxik\ConcurrentServer\ConcurrentServer\ConcurrentServer.cpp(527,3): warning C4996: 'strcpy': This function or variable may be unsafe. Consider using strcpy_s instead. To disable deprecation, use _CRT_SECURE_NO_WARNINGS. See online help for details.
C:\Users\37525\OneDrive\Рабочий стол\8-10Maxik\ConcurrentServer\ConcurrentServer\ConcurrentServer.cpp(531,3): warning C4996: 'strcpy': This function or variable may be unsafe. Consider using strcpy_s instead. To disable deprecation, use _CRT_SECURE_NO_WARNINGS. See online help for details.
C:\Users\37525\OneDrive\Рабочий стол\8-10Maxik\ConcurrentServer\ConcurrentServer\ConcurrentServer.cpp(532,3): warning C4996: 'strcpy': This function or variable may be unsafe. Consider using strcpy_s instead. To disable deprecation, use _CRT_SECURE_NO_WARNINGS. See online help for details.
  ErrorFunctions.cpp
  Создание кода...
C:\Users\37525\OneDrive\Рабочий стол\8-10Maxik\ConcurrentServer\ConcurrentServer\ConcurrentServer.cpp(240): warning C4715: set_param: значение возвращается не при всех путях выполнения
  ConcurrentServer.vcxproj -> C:\Users\37525\OneDrive\Рабочий стол\8-10Maxik\ConcurrentServer\x64\Debug\ConcurrentServer.exe
